This is XeTeX, Version 3.14159265-2.6-0.99998 (TeX Live 2018/dev/Debian) (preloaded format=xelatex 2018.4.27)  15 OCT 2018 16:45
entering extended mode
 restricted \write18 enabled.
 %&-line parsing enabled.
**report.tex
(./report.tex
LaTeX2e <2017-04-15>
Babel <3.18> and hyphenation patterns for 84 language(s) loaded.
(/usr/share/texlive/texmf-dist/tex/latex/amscls/amsart.cls
Document Class: amsart 2017/10/31 v2.20.4
\linespacing=\dimen102
\normalparindent=\dimen103
\normaltopskip=\skip41
(/usr/share/texlive/texmf-dist/tex/latex/amsmath/amsmath.sty
Package: amsmath 2017/09/02 v2.17a AMS math features
\@mathmargin=\skip42

For additional information on amsmath, use the `?' option.
(/usr/share/texlive/texmf-dist/tex/latex/amsmath/amstext.sty
Package: amstext 2000/06/29 v2.01 AMS text

(/usr/share/texlive/texmf-dist/tex/latex/amsmath/amsgen.sty
File: amsgen.sty 1999/11/30 v2.0 generic functions
\@emptytoks=\toks14
\ex@=\dimen104
))
(/usr/share/texlive/texmf-dist/tex/latex/amsmath/amsbsy.sty
Package: amsbsy 1999/11/29 v1.2d Bold Symbols
\pmbraise@=\dimen105
)
(/usr/share/texlive/texmf-dist/tex/latex/amsmath/amsopn.sty
Package: amsopn 2016/03/08 v2.02 operator names
)
\inf@bad=\count79
LaTeX Info: Redefining \frac on input line 213.
\uproot@=\count80
\leftroot@=\count81
LaTeX Info: Redefining \overline on input line 375.
\classnum@=\count82
\DOTSCASE@=\count83
LaTeX Info: Redefining \ldots on input line 472.
LaTeX Info: Redefining \dots on input line 475.
LaTeX Info: Redefining \cdots on input line 596.
\Mathstrutbox@=\box26
\strutbox@=\box27
\big@size=\dimen106
LaTeX Font Info:    Redeclaring font encoding OML on input line 712.
LaTeX Font Info:    Redeclaring font encoding OMS on input line 713.
\macc@depth=\count84
\c@MaxMatrixCols=\count85
\dotsspace@=\muskip10
\c@parentequation=\count86
\dspbrk@lvl=\count87
\tag@help=\toks15
\row@=\count88
\column@=\count89
\maxfields@=\count90
\andhelp@=\toks16
\eqnshift@=\dimen107
\alignsep@=\dimen108
\tagshift@=\dimen109
\tagwidth@=\dimen110
\totwidth@=\dimen111
\lineht@=\dimen112
\@envbody=\toks17
\multlinegap=\skip43
\multlinetaggap=\skip44
\mathdisplay@stack=\toks18
LaTeX Info: Redefining \[ on input line 2817.
LaTeX Info: Redefining \] on input line 2818.
)
LaTeX Font Info:    Try loading font information for U+msa on input line 398.

(/usr/share/texlive/texmf-dist/tex/latex/amsfonts/umsa.fd
File: umsa.fd 2013/01/14 v3.01 AMS symbols A
)
(/usr/share/texlive/texmf-dist/tex/latex/amsfonts/amsfonts.sty
Package: amsfonts 2013/01/14 v3.01 Basic AMSFonts support
\symAMSa=\mathgroup4
\symAMSb=\mathgroup5
LaTeX Font Info:    Overwriting math alphabet `\mathfrak' in version `bold'
(Font)                  U/euf/m/n --> U/euf/b/n on input line 106.
)
\copyins=\insert199
\abstractbox=\box28
\listisep=\skip45
\c@part=\count91
\c@section=\count92
\c@subsection=\count93
\c@subsubsection=\count94
\c@paragraph=\count95
\c@subparagraph=\count96
\c@figure=\count97
\c@table=\count98
\abovecaptionskip=\skip46
\belowcaptionskip=\skip47
\captionindent=\dimen113
\thm@style=\toks19
\thm@bodyfont=\toks20
\thm@headfont=\toks21
\thm@notefont=\toks22
\thm@headpunct=\toks23
\thm@preskip=\skip48
\thm@postskip=\skip49
\thm@headsep=\skip50
\dth@everypar=\toks24
)
(/usr/share/texlive/texmf-dist/tex/latex/hyperref/hyperref.sty
Package: hyperref 2018/02/06 v6.86b Hypertext links for LaTeX

(/usr/share/texlive/texmf-dist/tex/generic/oberdiek/hobsub-hyperref.sty
Package: hobsub-hyperref 2016/05/16 v1.14 Bundle oberdiek, subset hyperref (HO)


(/usr/share/texlive/texmf-dist/tex/generic/oberdiek/hobsub-generic.sty
Package: hobsub-generic 2016/05/16 v1.14 Bundle oberdiek, subset generic (HO)
Package: hobsub 2016/05/16 v1.14 Construct package bundles (HO)
Package: infwarerr 2016/05/16 v1.4 Providing info/warning/error messages (HO)
Package: ltxcmds 2016/05/16 v1.23 LaTeX kernel commands for general use (HO)
Package: ifluatex 2016/05/16 v1.4 Provides the ifluatex switch (HO)
Package ifluatex Info: LuaTeX not detected.
Package: ifvtex 2016/05/16 v1.6 Detect VTeX and its facilities (HO)
Package ifvtex Info: VTeX not detected.
Package: intcalc 2016/05/16 v1.2 Expandable calculations with integers (HO)
Package: ifpdf 2017/03/15 v3.2 Provides the ifpdf switch
Package: etexcmds 2016/05/16 v1.6 Avoid name clashes with e-TeX commands (HO)
Package etexcmds Info: Could not find \expanded.
(etexcmds)             That can mean that you are not using pdfTeX 1.50 or
(etexcmds)             that some package has redefined \expanded.
(etexcmds)             In the latter case, load this package earlier.
Package: kvsetkeys 2016/05/16 v1.17 Key value parser (HO)
Package: kvdefinekeys 2016/05/16 v1.4 Define keys (HO)
Package: pdftexcmds 2018/01/21 v0.26 Utility functions of pdfTeX for LuaTeX (HO
)
Package pdftexcmds Info: LuaTeX not detected.
Package pdftexcmds Info: pdfTeX >= 1.30 not detected.
Package pdftexcmds Info: \pdf@primitive is available.
Package pdftexcmds Info: \pdf@ifprimitive is available.
Package pdftexcmds Info: \pdfdraftmode not found.
Package: pdfescape 2016/05/16 v1.14 Implements pdfTeX's escape features (HO)
Package: bigintcalc 2016/05/16 v1.4 Expandable calculations on big integers (HO
)
Package: bitset 2016/05/16 v1.2 Handle bit-vector datatype (HO)
Package: uniquecounter 2016/05/16 v1.3 Provide unlimited unique counter (HO)
)
Package hobsub Info: Skipping package `hobsub' (already loaded).
Package: letltxmacro 2016/05/16 v1.5 Let assignment for LaTeX macros (HO)
Package: hopatch 2016/05/16 v1.3 Wrapper for package hooks (HO)
Package: xcolor-patch 2016/05/16 xcolor patch
Package: atveryend 2016/05/16 v1.9 Hooks at the very end of document (HO)
Package atveryend Info: \enddocument detected (standard20110627).
Package: atbegshi 2016/06/09 v1.18 At begin shipout hook (HO)
Package: refcount 2016/05/16 v3.5 Data extraction from label references (HO)
Package: hycolor 2016/05/16 v1.8 Color options for hyperref/bookmark (HO)
)
(/usr/share/texlive/texmf-dist/tex/latex/graphics/keyval.sty
Package: keyval 2014/10/28 v1.15 key=value parser (DPC)
\KV@toks@=\toks25
)
(/usr/share/texlive/texmf-dist/tex/generic/ifxetex/ifxetex.sty
Package: ifxetex 2010/09/12 v0.6 Provides ifxetex conditional
)
(/usr/share/texlive/texmf-dist/tex/latex/oberdiek/auxhook.sty
Package: auxhook 2016/05/16 v1.4 Hooks for auxiliary files (HO)
)
(/usr/share/texlive/texmf-dist/tex/latex/oberdiek/kvoptions.sty
Package: kvoptions 2016/05/16 v3.12 Key value format for package options (HO)
)
\@linkdim=\dimen114
\Hy@linkcounter=\count99
\Hy@pagecounter=\count100

(/usr/share/texlive/texmf-dist/tex/latex/hyperref/pd1enc.def
File: pd1enc.def 2018/02/06 v6.86b Hyperref: PDFDocEncoding definition (HO)
)
\Hy@SavedSpaceFactor=\count101

(/usr/share/texlive/texmf-dist/tex/latex/latexconfig/hyperref.cfg
File: hyperref.cfg 2002/06/06 v1.2 hyperref configuration of TeXLive
)
Package hyperref Info: Hyper figures OFF on input line 4509.
Package hyperref Info: Link nesting OFF on input line 4514.
Package hyperref Info: Hyper index ON on input line 4517.
Package hyperref Info: Plain pages OFF on input line 4524.
Package hyperref Info: Backreferencing OFF on input line 4529.
Package hyperref Info: Implicit mode ON; LaTeX internals redefined.
Package hyperref Info: Bookmarks ON on input line 4762.
\c@Hy@tempcnt=\count102

(/usr/share/texlive/texmf-dist/tex/latex/url/url.sty
\Urlmuskip=\muskip11
Package: url 2013/09/16  ver 3.4  Verb mode for urls, etc.
)
LaTeX Info: Redefining \url on input line 5115.
\XeTeXLinkMargin=\dimen115
\Fld@menulength=\count103
\Field@Width=\dimen116
\Fld@charsize=\dimen117
Package hyperref Info: Hyper figures OFF on input line 6369.
Package hyperref Info: Link nesting OFF on input line 6374.
Package hyperref Info: Hyper index ON on input line 6377.
Package hyperref Info: backreferencing OFF on input line 6384.
Package hyperref Info: Link coloring OFF on input line 6389.
Package hyperref Info: Link coloring with OCG OFF on input line 6394.
Package hyperref Info: PDF/A mode OFF on input line 6399.
LaTeX Info: Redefining \ref on input line 6439.
LaTeX Info: Redefining \pageref on input line 6443.
\Hy@abspage=\count104
\c@Item=\count105
\c@Hfootnote=\count106
)
Package hyperref Info: Driver (autodetected): hxetex.

(/usr/share/texlive/texmf-dist/tex/latex/hyperref/hxetex.def
File: hxetex.def 2018/02/06 v6.86b Hyperref driver for XeTeX

(/usr/share/texlive/texmf-dist/tex/latex/hyperref/puenc.def
File: puenc.def 2018/02/06 v6.86b Hyperref: PDF Unicode definition (HO)
)
(/usr/share/texlive/texmf-dist/tex/generic/oberdiek/stringenc.sty
Package: stringenc 2016/05/16 v1.11 Convert strings between diff. encodings (HO
)
)
\pdfm@box=\box29
\c@Hy@AnnotLevel=\count107
\HyField@AnnotCount=\count108
\Fld@listcount=\count109
\c@bookmark@seq@number=\count110

(/usr/share/texlive/texmf-dist/tex/latex/oberdiek/rerunfilecheck.sty
Package: rerunfilecheck 2016/05/16 v1.8 Rerun checks for auxiliary files (HO)
Package rerunfilecheck Info: Feature \pdfmdfivesum is not available
(rerunfilecheck)             (e.g. pdfTeX or LuaTeX with package `pdftexcmds').

(rerunfilecheck)             Therefore file contents cannot be checked efficien
tly
(rerunfilecheck)             and the loading of the package is aborted.
)
\Hy@SectionHShift=\skip51
)
(/usr/share/texlive/texmf-dist/tex/latex/base/inputenc.sty
Package: inputenc 2015/03/17 v1.2c Input encoding file
\inpenc@prehook=\toks26
\inpenc@posthook=\toks27
)
(/usr/share/texlive/texmf-dist/tex/latex/graphics/graphicx.sty
Package: graphicx 2017/06/01 v1.1a Enhanced LaTeX Graphics (DPC,SPQR)

(/usr/share/texlive/texmf-dist/tex/latex/graphics/graphics.sty
Package: graphics 2017/06/25 v1.2c Standard LaTeX Graphics (DPC,SPQR)

(/usr/share/texlive/texmf-dist/tex/latex/graphics/trig.sty
Package: trig 2016/01/03 v1.10 sin cos tan (DPC)
)
(/usr/share/texlive/texmf-dist/tex/latex/graphics-cfg/graphics.cfg
File: graphics.cfg 2016/06/04 v1.11 sample graphics configuration
)
Package graphics Info: Driver file: xetex.def on input line 99.

(/usr/share/texlive/texmf-dist/tex/latex/graphics-def/xetex.def
File: xetex.def 2017/06/24 v5.0h Graphics/color driver for xetex
))
\Gin@req@height=\dimen118
\Gin@req@width=\dimen119
)
(/usr/share/texlive/texmf-dist/tex/latex/bbm-macros/bbm.sty
Package: bbm 1999/03/15 V 1.2 provides fonts for set symbols - TH
LaTeX Font Info:    Overwriting math alphabet `\mathbbm' in version `bold'
(Font)                  U/bbm/m/n --> U/bbm/bx/n on input line 33.
LaTeX Font Info:    Overwriting math alphabet `\mathbbmss' in version `bold'
(Font)                  U/bbmss/m/n --> U/bbmss/bx/n on input line 35.
)
(/usr/share/texlive/texmf-dist/tex/latex/csvsimple/csvsimple.sty
Package: csvsimple 2016/07/01 version 1.20 LaTeX CSV file processing

(/usr/share/texlive/texmf-dist/tex/latex/pgf/utilities/pgfkeys.sty
(/usr/share/texlive/texmf-dist/tex/generic/pgf/utilities/pgfkeys.code.tex
\pgfkeys@pathtoks=\toks28
\pgfkeys@temptoks=\toks29

(/usr/share/texlive/texmf-dist/tex/generic/pgf/utilities/pgfkeysfiltered.code.t
ex
\pgfkeys@tmptoks=\toks30
))) (/usr/share/texlive/texmf-dist/tex/latex/base/ifthen.sty
Package: ifthen 2014/09/29 v1.1c Standard LaTeX ifthen package (DPC)
)
(/usr/share/texlive/texmf-dist/tex/latex/etoolbox/etoolbox.sty
Package: etoolbox 2018/02/11 v2.5e e-TeX tools for LaTeX (JAW)
\etb@tempcnta=\count111
)
(/usr/share/texlive/texmf-dist/tex/latex/tools/shellesc.sty
Package: shellesc 2016/06/07 v0.02a unified shell escape interface for LaTeX
Package shellesc Info: Restricted shell escape enabled on input line 69.
)
\csv@file=\read1
\c@csvinputline=\count112
\c@csvrow=\count113
\c@csvcol=\count114
\csv@out=\write3
)
\c@theorem=\count115
 (./report.aux)
\openout1 = `report.aux'.

LaTeX Font Info:    Checking defaults for OML/cmm/m/it on input line 23.
LaTeX Font Info:    ... okay on input line 23.
LaTeX Font Info:    Checking defaults for T1/cmr/m/n on input line 23.
LaTeX Font Info:    ... okay on input line 23.
LaTeX Font Info:    Checking defaults for OT1/cmr/m/n on input line 23.
LaTeX Font Info:    ... okay on input line 23.
LaTeX Font Info:    Checking defaults for OMS/cmsy/m/n on input line 23.
LaTeX Font Info:    ... okay on input line 23.
LaTeX Font Info:    Checking defaults for TU/lmr/m/n on input line 23.
LaTeX Font Info:    ... okay on input line 23.
LaTeX Font Info:    Checking defaults for OMX/cmex/m/n on input line 23.
LaTeX Font Info:    ... okay on input line 23.
LaTeX Font Info:    Checking defaults for U/cmr/m/n on input line 23.
LaTeX Font Info:    ... okay on input line 23.
LaTeX Font Info:    Checking defaults for PD1/pdf/m/n on input line 23.
LaTeX Font Info:    ... okay on input line 23.
LaTeX Font Info:    Checking defaults for PU/pdf/m/n on input line 23.
LaTeX Font Info:    ... okay on input line 23.
LaTeX Font Info:    Try loading font information for U+msa on input line 23.

(/usr/share/texlive/texmf-dist/tex/latex/amsfonts/umsa.fd
File: umsa.fd 2013/01/14 v3.01 AMS symbols A
)
LaTeX Font Info:    Try loading font information for U+msb on input line 23.

(/usr/share/texlive/texmf-dist/tex/latex/amsfonts/umsb.fd
File: umsb.fd 2013/01/14 v3.01 AMS symbols B
)
\AtBeginShipoutBox=\box30
Package hyperref Info: Link coloring OFF on input line 23.

(/usr/share/texlive/texmf-dist/tex/latex/hyperref/nameref.sty
Package: nameref 2016/05/21 v2.44 Cross-referencing by name of section

(/usr/share/texlive/texmf-dist/tex/generic/oberdiek/gettitlestring.sty
Package: gettitlestring 2016/05/16 v1.5 Cleanup title references (HO)
)
\c@section@level=\count116
)
LaTeX Info: Redefining \ref on input line 23.
LaTeX Info: Redefining \pageref on input line 23.
LaTeX Info: Redefining \nameref on input line 23.

(./report.out) (./report.out)
\@outlinefile=\write4
\openout4 = `report.out'.


(/usr/share/texlive/texmf-dist/tex/generic/oberdiek/se-ascii-print.def
File: se-ascii-print.def 2016/05/16 v1.11 stringenc: Printable ASCII characters

)
Underfull \hbox (badness 10000) in paragraph at lines 38--39

 []


! LaTeX Error: There's no line here to end.

See the LaTeX manual or LaTeX Companion for explanation.
Type  H <return>  for immediate help.
 ...                                              
                                                  
l.46 
     
? 

Underfull \hbox (badness 10000) in paragraph at lines 47--50

 []


Underfull \hbox (badness 10000) in paragraph at lines 56--57

 []


Underfull \hbox (badness 10000) in paragraph at lines 58--60

 []


Underfull \hbox (badness 10000) in paragraph at lines 69--71

 []

[1]
Underfull \hbox (badness 10000) in paragraph at lines 83--84

 []


Underfull \hbox (badness 10000) in paragraph at lines 96--97

 []


Underfull \hbox (badness 10000) in paragraph at lines 105--106

 []


Underfull \hbox (badness 10000) in paragraph at lines 107--108

 []


! LaTeX Error: There's no line here to end.

See the LaTeX manual or LaTeX Companion for explanation.
Type  H <return>  for immediate help.
 ...                                              
                                                  
l.118 
      
? 

Underfull \hbox (badness 10000) in paragraph at lines 119--121

 []


Underfull \hbox (badness 10000) in paragraph at lines 133--134

 []

! Extra alignment tab has been changed to \cr.
<recently read> \endtemplate 
                             
l.142 \end{tabular}}
                    
? 

Underfull \hbox (badness 10000) in paragraph at lines 142--142
[]\TU/lmr/m/n/10 max(0.16*0.17*0.14;
 []


Underfull \hbox (badness 10000) in paragraph at lines 142--142
\TU/lmr/m/n/10 0.05*0.10*0.14;
 []


Underfull \hbox (badness 10000) in paragraph at lines 142--142
\TU/lmr/m/n/10 0.03*0.11*0.14;
 []


Underfull \hbox (badness 10000) in paragraph at lines 142--142
[]\TU/lmr/m/n/10 max(0.00*0.17*0.14;
 []


Underfull \hbox (badness 10000) in paragraph at lines 142--142
\TU/lmr/m/n/10 0.01*0.10*0.14;
 []


Underfull \hbox (badness 10000) in paragraph at lines 142--142
\TU/lmr/m/n/10 0.02*0.11*0.14;
 []

! Extra alignment tab has been changed to \cr.
<recently read> \endtemplate 
                             
l.142 \end{tabular}}
                    
? 

Underfull \hbox (badness 10000) in paragraph at lines 142--142
[]\TU/lmr/m/n/10 max(0.16*0.50*0.08;
 []


Underfull \hbox (badness 10000) in paragraph at lines 142--142
\TU/lmr/m/n/10 0.05*0.30*0.08;
 []


Underfull \hbox (badness 10000) in paragraph at lines 142--142
\TU/lmr/m/n/10 0.03*0.56*0.08;
 []


Underfull \hbox (badness 10000) in paragraph at lines 142--142
[]\TU/lmr/bx/n/10 max(0.00*0.50*0.08;
 []


Underfull \hbox (badness 10000) in paragraph at lines 142--142
\TU/lmr/bx/n/10 0.01*0.30*0.08;
 []


Underfull \hbox (badness 10000) in paragraph at lines 142--142
\TU/lmr/bx/n/10 0.02*0.56*0.08;
 []


Underfull \hbox (badness 10000) in paragraph at lines 142--142
\TU/lmr/bx/n/10 0.00*0.25*0.08) =
 []

! Extra alignment tab has been changed to \cr.
<recently read> \endtemplate 
                             
l.142 \end{tabular}}
                    
? 

Underfull \hbox (badness 10000) in paragraph at lines 142--142
[]\TU/lmr/bx/n/10 max(0.16*0.17*0.64;
 []


Underfull \hbox (badness 10000) in paragraph at lines 142--142
\TU/lmr/bx/n/10 0.05*0.40*0.64;
 []


Underfull \hbox (badness 10000) in paragraph at lines 142--142
\TU/lmr/bx/n/10 0.03*0.22*0.64;
 []


Underfull \hbox (badness 10000) in paragraph at lines 142--142
\TU/lmr/bx/n/10 0.02*0.25*0.64) =
 []


Underfull \hbox (badness 10000) in paragraph at lines 142--142
[]\TU/lmr/m/n/10 max(0.00*0.17*0.09;
 []


Underfull \hbox (badness 10000) in paragraph at lines 142--142
\TU/lmr/m/n/10 0.01*0.40*0.09;
 []


Underfull \hbox (badness 10000) in paragraph at lines 142--142
\TU/lmr/m/n/10 0.02*0.22*0.09;
 []

! Extra alignment tab has been changed to \cr.
<recently read> \endtemplate 
                             
l.142 \end{tabular}}
                    
? 

Underfull \hbox (badness 10000) in paragraph at lines 142--142
[]\TU/lmr/m/n/10 max(0.16*0.17*0.17;
 []


Underfull \hbox (badness 10000) in paragraph at lines 142--142
\TU/lmr/m/n/10 0.05*0.20*0.17;
 []


Underfull \hbox (badness 10000) in paragraph at lines 142--142
\TU/lmr/m/n/10 0.03*0.11*0.17;
 []


Underfull \hbox (badness 10000) in paragraph at lines 142--142
[]\TU/lmr/m/n/10 max(0.00*0.17*0.33;
 []


Underfull \hbox (badness 10000) in paragraph at lines 142--142
\TU/lmr/m/n/10 0.01*0.20*0.33;
 []


Underfull \hbox (badness 10000) in paragraph at lines 142--142
\TU/lmr/m/n/10 0.02*0.11*0.33;
 []

! Extra alignment tab has been changed to \cr.
<recently read> \endtemplate 
                             
l.142 \end{tabular}}
                    
? 
[2]
Underfull \hbox (badness 10000) in paragraph at lines 147--148

 []


! LaTeX Error: There's no line here to end.

See the LaTeX manual or LaTeX Companion for explanation.
Type  H <return>  for immediate help.
 ...                                              
                                                  
l.153 
      
? 

Underfull \hbox (badness 10000) in paragraph at lines 155--157

 []


Underfull \hbox (badness 10000) in paragraph at lines 169--172

 []

! Extra alignment tab has been changed to \cr.
<recently read> \endtemplate 
                             
l.180 \end{tabular}}
                    
? 

Underfull \hbox (badness 8000) in paragraph at lines 180--180
[]\TU/lmr/m/n/10 (0.05*0.17 + 0.01*0.10
 []


Underfull \hbox (badness 10000) in paragraph at lines 180--180
\TU/lmr/m/n/10 + 0.03*0.11 +
 []


Underfull \hbox (badness 8000) in paragraph at lines 180--180
[]\TU/lmr/m/n/10 (0.00*0.17 + 0.00*0.10
 []


Underfull \hbox (badness 10000) in paragraph at lines 180--180
\TU/lmr/m/n/10 + 0.01*0.11 +
 []


Underfull \hbox (badness 8000) in paragraph at lines 180--180
[]\TU/lmr/m/n/10 (0.00*0.17 + 0.00*0.10
 []


Underfull \hbox (badness 10000) in paragraph at lines 180--180
\TU/lmr/m/n/10 + 0.00*0.11 +
 []

! Extra alignment tab has been changed to \cr.
<recently read> \endtemplate 
                             
l.180 \end{tabular}}
                    
? 

Underfull \hbox (badness 8000) in paragraph at lines 180--180
[]\TU/lmr/m/n/10 (0.05*0.50 + 0.01*0.30
 []


Underfull \hbox (badness 10000) in paragraph at lines 180--180
\TU/lmr/m/n/10 + 0.03*0.56 +
 []


Underfull \hbox (badness 8000) in paragraph at lines 180--180
[]\TU/lmr/m/n/10 (0.00*0.50 + 0.00*0.30
 []


Underfull \hbox (badness 10000) in paragraph at lines 180--180
\TU/lmr/m/n/10 + 0.01*0.56 +
 []


Underfull \hbox (badness 8000) in paragraph at lines 180--180
[]\TU/lmr/m/n/10 (0.00*0.50 + 0.00*0.30
 []


Underfull \hbox (badness 10000) in paragraph at lines 180--180
\TU/lmr/m/n/10 + 0.00*0.56 +
 []

! Extra alignment tab has been changed to \cr.
<recently read> \endtemplate 
                             
l.180 \end{tabular}}
                    
? 

Underfull \hbox (badness 8000) in paragraph at lines 180--180
[]\TU/lmr/m/n/10 (0.05*0.17 + 0.01*0.40
 []


Underfull \hbox (badness 10000) in paragraph at lines 180--180
\TU/lmr/m/n/10 + 0.03*0.22 +
 []


Underfull \hbox (badness 8000) in paragraph at lines 180--180
[]\TU/lmr/m/n/10 (0.00*0.17 + 0.00*0.40
 []


Underfull \hbox (badness 10000) in paragraph at lines 180--180
\TU/lmr/m/n/10 + 0.01*0.22 +
 []


Underfull \hbox (badness 8000) in paragraph at lines 180--180
[]\TU/lmr/m/n/10 (0.00*0.17 + 0.00*0.40
 []


Underfull \hbox (badness 10000) in paragraph at lines 180--180
\TU/lmr/m/n/10 + 0.00*0.22 +
 []

! Extra alignment tab has been changed to \cr.
<recently read> \endtemplate 
                             
l.180 \end{tabular}}
                    
? 

Underfull \hbox (badness 8000) in paragraph at lines 180--180
[]\TU/lmr/m/n/10 (0.05*0.17 + 0.01*0.20
 []


Underfull \hbox (badness 10000) in paragraph at lines 180--180
\TU/lmr/m/n/10 + 0.03*0.11 +
 []


Underfull \hbox (badness 8000) in paragraph at lines 180--180
[]\TU/lmr/m/n/10 (0.00*0.17 + 0.00*0.20
 []


Underfull \hbox (badness 10000) in paragraph at lines 180--180
\TU/lmr/m/n/10 + 0.01*0.11 +
 []


Underfull \hbox (badness 8000) in paragraph at lines 180--180
[]\TU/lmr/m/n/10 (0.00*0.17 + 0.00*0.20
 []


Underfull \hbox (badness 10000) in paragraph at lines 180--180
\TU/lmr/m/n/10 + 0.00*0.11 +
 []

! Extra alignment tab has been changed to \cr.
<recently read> \endtemplate 
                             
l.180 \end{tabular}}
                    
? 
[3]

! LaTeX Error: There's no line here to end.

See the LaTeX manual or LaTeX Companion for explanation.
Type  H <return>  for immediate help.
 ...                                              
                                                  
l.182 
      
? 
! Extra alignment tab has been changed to \cr.
<recently read> \endtemplate 
                             
l.191 \end{tabular}}
                    
? 

Underfull \hbox (badness 8000) in paragraph at lines 191--191
[]\TU/lmr/m/n/10 (0.05*0.17 + 0.01*0.10
 []


Underfull \hbox (badness 10000) in paragraph at lines 191--191
\TU/lmr/m/n/10 + 0.22*0.11 +
 []


Underfull \hbox (badness 8000) in paragraph at lines 191--191
[]\TU/lmr/m/n/10 (0.00*0.17 + 0.03*0.10
 []


Underfull \hbox (badness 10000) in paragraph at lines 191--191
\TU/lmr/m/n/10 + 0.01*0.11 +
 []

! Extra alignment tab has been changed to \cr.
<recently read> \endtemplate 
                             
l.191 \end{tabular}}
                    
? 

Underfull \hbox (badness 8000) in paragraph at lines 191--191
[]\TU/lmr/m/n/10 (0.05*0.50 + 0.01*0.30
 []


Underfull \hbox (badness 10000) in paragraph at lines 191--191
\TU/lmr/m/n/10 + 0.22*0.56 +
 []


Underfull \hbox (badness 8000) in paragraph at lines 191--191
[]\TU/lmr/m/n/10 (0.00*0.50 + 0.03*0.30
 []


Underfull \hbox (badness 10000) in paragraph at lines 191--191
\TU/lmr/m/n/10 + 0.01*0.56 +
 []

! Extra alignment tab has been changed to \cr.
<recently read> \endtemplate 
                             
l.191 \end{tabular}}
                    
? 

Underfull \hbox (badness 8000) in paragraph at lines 191--191
[]\TU/lmr/m/n/10 (0.05*0.17 + 0.01*0.40
 []


Underfull \hbox (badness 10000) in paragraph at lines 191--191
\TU/lmr/m/n/10 + 0.22*0.22 +
 []


Underfull \hbox (badness 8000) in paragraph at lines 191--191
[]\TU/lmr/m/n/10 (0.00*0.17 + 0.03*0.40
 []


Underfull \hbox (badness 10000) in paragraph at lines 191--191
\TU/lmr/m/n/10 + 0.01*0.22 +
 []

! Extra alignment tab has been changed to \cr.
<recently read> \endtemplate 
                             
l.191 \end{tabular}}
                    
? 

Underfull \hbox (badness 8000) in paragraph at lines 191--191
[]\TU/lmr/m/n/10 (0.05*0.17 + 0.01*0.20
 []


Underfull \hbox (badness 10000) in paragraph at lines 191--191
\TU/lmr/m/n/10 + 0.22*0.11 +
 []


Underfull \hbox (badness 8000) in paragraph at lines 191--191
[]\TU/lmr/m/n/10 (0.00*0.17 + 0.03*0.20
 []


Underfull \hbox (badness 10000) in paragraph at lines 191--191
\TU/lmr/m/n/10 + 0.01*0.11 +
 []

! Extra alignment tab has been changed to \cr.
<recently read> \endtemplate 
                             
l.191 \end{tabular}}
                    
? 

! LaTeX Error: There's no line here to end.

See the LaTeX manual or LaTeX Companion for explanation.
Type  H <return>  for immediate help.
 ...                                              
                                                  
l.193 
      
? 
[4]
Underfull \hbox (badness 10000) in paragraph at lines 196--198

 []


! LaTeX Error: There's no line here to end.

See the LaTeX manual or LaTeX Companion for explanation.
Type  H <return>  for immediate help.
 ...                                              
                                                  
l.208 
      
? 

! LaTeX Error: There's no line here to end.

See the LaTeX manual or LaTeX Companion for explanation.
Type  H <return>  for immediate help.
 ...                                              
                                                  
l.218 
      
? 
[5]
Underfull \hbox (badness 10000) in paragraph at lines 221--223

 []


Underfull \hbox (badness 10000) in paragraph at lines 224--230

 []


! LaTeX Error: There's no line here to end.

See the LaTeX manual or LaTeX Companion for explanation.
Type  H <return>  for immediate help.
 ...                                              
                                                  
l.240 
      
? 

! LaTeX Error: There's no line here to end.

See the LaTeX manual or LaTeX Companion for explanation.
Type  H <return>  for immediate help.
 ...                                              
                                                  
l.251 
      
? 

Underfull \hbox (badness 10000) in paragraph at lines 252--255

 []


Underfull \hbox (badness 10000) in paragraph at lines 261--262

 []


! LaTeX Error: There's no line here to end.

See the LaTeX manual or LaTeX Companion for explanation.
Type  H <return>  for immediate help.
 ...                                              
                                                  
l.272 
      
? 

! LaTeX Error: There's no line here to end.

See the LaTeX manual or LaTeX Companion for explanation.
Type  H <return>  for immediate help.
 ...                                              
                                                  
l.282 
      
? 
[6]
Underfull \hbox (badness 10000) in paragraph at lines 290--292

 []


! LaTeX Error: There's no line here to end.

See the LaTeX manual or LaTeX Companion for explanation.
Type  H <return>  for immediate help.
 ...                                              
                                                  
l.333 
      
? 

Underfull \hbox (badness 10000) in paragraph at lines 336--340

 []

[7]
Underfull \hbox (badness 10000) in paragraph at lines 343--344

 []


Underfull \hbox (badness 10000) in paragraph at lines 347--349

 []


Underfull \hbox (badness 10000) in paragraph at lines 354--360

 []


Underfull \hbox (badness 10000) in paragraph at lines 361--366

 []


Underfull \hbox (badness 10000) in paragraph at lines 367--370

 []


Underfull \hbox (badness 10000) in paragraph at lines 371--379

 []


Underfull \hbox (badness 10000) in paragraph at lines 380--386

 []

[8]
Underfull \hbox (badness 10000) in paragraph at lines 389--393

 []


Underfull \hbox (badness 10000) in paragraph at lines 394--399

 []


Underfull \hbox (badness 10000) in paragraph at lines 400--404

 []


! LaTeX Error: There's no line here to end.

See the LaTeX manual or LaTeX Companion for explanation.
Type  H <return>  for immediate help.
 ...                                              
                                                  
l.406 
      
? 
Package atveryend Info: Empty hook `BeforeClearDocument' on input line 414.
[9]
Package atveryend Info: Empty hook `AfterLastShipout' on input line 414.
 (./report.aux)
Package atveryend Info: Empty hook `AtVeryEndDocument' on input line 414.
Package atveryend Info: Empty hook `AtEndAfterFileList' on input line 414.
Package atveryend Info: Empty hook `AtVeryVeryEnd' on input line 414.
 ) 
Here is how much of TeX's memory you used:
 10491 strings out of 493007
 155010 string characters out of 6136719
 248717 words of memory out of 5000000
 14208 multiletter control sequences out of 15000+600000
 8871 words of font info for 44 fonts, out of 8000000 for 9000
 1509 hyphenation exceptions out of 8191
 40i,10n,46p,888b,362s stack positions out of 5000i,500n,10000p,200000b,80000s

Output written on report.pdf (9 pages).
